Log file open, 11/26/19 08:15:07
LogWindows: Failed to load 'aqProf.dll' (GetLastError=126)
LogWindows: File 'aqProf.dll' does not exist
LogWindows: Failed to load 'VtuneApi.dll' (GetLastError=126)
LogWindows: File 'VtuneApi.dll' does not exist
LogWindows: Failed to load 'VtuneApi32e.dll' (GetLastError=126)
LogWindows: File 'VtuneApi32e.dll' does not exist
LogConsoleResponse: Display: Failed to find resolution value strings in scalability ini. Falling back to default.
LogInit: Display: Running engine for game: BatteryCollector
LogPakFile: Registered encryption key '00000000000000000000000000000000': 0 pak files mounted, 0 remain pending
LogPlatformFile: Not using cached read wrapper
LogTaskGraph: Started task graph with 5 named threads and 14 total threads with 3 sets of task threads.
LogStats: Stats thread started at 0.774176
LogD3D11RHI: Loaded GFSDK_Aftermath_Lib.x64.dll
LogICUInternationalization: ICU TimeZone Detection - Raw Offset: +2:00, Platform Override: ''
LogPluginManager: Mounting plugin Paper2D
LogPluginManager: Mounting plugin AISupport
LogPluginManager: Mounting plugin LightPropagationVolume
LogPluginManager: Mounting plugin ActorLayerUtilities
LogPluginManager: Mounting plugin AnimationSharing
LogPluginManager: Mounting plugin CLionSourceCodeAccess
LogPluginManager: Mounting plugin CodeLiteSourceCodeAccess
LogPluginManager: Mounting plugin GitSourceControl
LogPluginManager: Mounting plugin KDevelopSourceCodeAccess
LogPluginManager: Mounting plugin NullSourceCodeAccess
LogPluginManager: Mounting plugin PerforceSourceControl
LogPluginManager: Mounting plugin SubversionSourceControl
LogPluginManager: Mounting plugin UObjectPlugin
LogPluginManager: Mounting plugin VisualStudioCodeSourceCodeAccess
LogPluginManager: Mounting plugin VisualStudioSourceCodeAccess
LogPluginManager: Mounting plugin XCodeSourceCodeAccess
LogPluginManager: Mounting plugin AssetManagerEditor
LogPluginManager: Mounting plugin CryptoKeys
LogPluginManager: Mounting plugin DataValidation
LogPluginManager: Mounting plugin FacialAnimation
LogPluginManager: Mounting plugin GameplayTagsEditor
LogPluginManager: Mounting plugin MacGraphicsSwitching
LogPluginManager: Mounting plugin MaterialAnalyzer
LogPluginManager: Mounting plugin MobileLauncherProfileWizard
LogPluginManager: Mounting plugin PluginBrowser
LogPluginManager: Mounting plugin SpeedTreeImporter
LogPluginManager: Mounting plugin DatasmithContent
LogPluginManager: Mounting plugin VariantManagerContent
LogPluginManager: Mounting plugin AlembicImporter
LogPluginManager: Mounting plugin AppleImageUtils
LogPluginManager: Mounting plugin AppleVision
LogPluginManager: Mounting plugin BackChannel
LogPluginManager: Mounting plugin CharacterAI
LogPluginManager: Mounting plugin GeometryCache
LogPluginManager: Mounting plugin HTML5Networking
LogPluginManager: Mounting plugin ProxyLODPlugin
LogPluginManager: Mounting plugin SkeletalReduction
LogPluginManager: Mounting plugin MagicLeap
LogPluginManager: Mounting plugin MagicLeapMedia
LogPluginManager: Mounting plugin AndroidMedia
LogPluginManager: Mounting plugin AvfMedia
LogPluginManager: Mounting plugin ImgMedia
LogPluginManager: Mounting plugin LinearTimecode
LogPluginManager: Mounting plugin MediaCompositing
LogPluginManager: Mounting plugin MediaPlayerEditor
LogPluginManager: Mounting plugin WebMMedia
LogPluginManager: Mounting plugin WmfMedia
LogPluginManager: Mounting plugin TcpMessaging
LogPluginManager: Mounting plugin UdpMessaging
LogPluginManager: Mounting plugin ActorSequence
LogPluginManager: Mounting plugin LevelSequenceEditor
LogPluginManager: Mounting plugin MatineeToLevelSequence
LogPluginManager: Mounting plugin NetcodeUnitTest
LogPluginManager: Mounting plugin NUTUnrealEngine4
LogPluginManager: Mounting plugin OnlineSubsystemGooglePlay
LogPluginManager: Mounting plugin OnlineSubsystemIOS
LogPluginManager: Mounting plugin OnlineSubsystem
LogPluginManager: Mounting plugin OnlineSubsystemNull
LogPluginManager: Mounting plugin OnlineSubsystemUtils
LogPluginManager: Mounting plugin LauncherChunkInstaller
LogPluginManager: Mounting plugin AndroidDeviceProfileSelector
LogPluginManager: Mounting plugin AndroidMoviePlayer
LogPluginManager: Mounting plugin AndroidPermission
LogPluginManager: Mounting plugin AppleMoviePlayer
LogPluginManager: Mounting plugin ArchVisCharacter
LogPluginManager: Mounting plugin AudioCapture
LogPluginManager: Mounting plugin CableComponent
LogPluginManager: Mounting plugin CustomMeshComponent
LogPluginManager: Mounting plugin EditableMesh
LogPluginManager: Mounting plugin ExampleDeviceProfileSelector
LogPluginManager: Mounting plugin Firebase
LogPluginManager: Mounting plugin GoogleCloudMessaging
LogPluginManager: Mounting plugin IOSDeviceProfileSelector
LogPluginManager: Mounting plugin LinuxDeviceProfileSelector
LogPluginManager: Mounting plugin LocationServicesBPLibrary
LogPluginManager: Mounting plugin MobilePatchingUtils
LogPluginManager: Mounting plugin OculusVR
LogPluginManager: Mounting plugin PhysXVehicles
LogPluginManager: Mounting plugin ProceduralMeshComponent
LogPluginManager: Mounting plugin RuntimePhysXCooking
LogPluginManager: Mounting plugin SignificanceManager
LogPluginManager: Mounting plugin SteamVR
LogPluginManager: Mounting plugin WebMMoviePlayer
LogPluginManager: Mounting plugin WindowsMoviePlayer
LogInit: Using libcurl 7.55.1-DEV
LogInit:  - built for x86_64-pc-win32
LogInit:  - supports SSL with OpenSSL/1.1.1
LogInit:  - supports HTTP deflate (compression) using libz 1.2.8
LogInit:  - other features:
LogInit:      CURL_VERSION_SSL
LogInit:      CURL_VERSION_LIBZ
LogInit:      CURL_VERSION_IPV6
LogInit:      CURL_VERSION_ASYNCHDNS
LogInit:      CURL_VERSION_LARGEFILE
LogInit:      CURL_VERSION_IDN
LogInit:  CurlRequestOptions (configurable via config and command line):
LogInit:  - bVerifyPeer = true  - Libcurl will verify peer certificate
LogInit:  - bUseHttpProxy = false  - Libcurl will NOT use HTTP proxy
LogInit:  - bDontReuseConnections = false  - Libcurl will reuse connections
LogInit:  - MaxHostConnections = 16  - Libcurl will limit the number of connections to a host
LogInit:  - LocalHostAddr = Default
LogInit:  - BufferSize = 65536
LogInit: WinSock: version 1.1 (2.2), MaxSocks=32767, MaxUdp=65467
LogInit: Build: ++UE4+Release-4.22-CL-7053642
LogInit: Engine Version: 4.22.3-7053642+++UE4+Release-4.22
LogInit: Compatible Engine Version: 4.22.0-5660361+++UE4+Release-4.22
LogInit: Net CL: 5660361
LogInit: OS: Windows 10 (Release 1903) (), CPU: Intel(R) Core(TM) i5-7500 CPU @ 3.40GHz, GPU: NVIDIA GeForce GTX 1060 6GB
LogInit: Compiled (64-bit): Jun 18 2019 03:09:11
LogInit: Compiled with Visual C++: 19.16.27025.01
LogInit: Build Configuration: Development
LogInit: Branch Name: ++UE4+Release-4.22
LogInit: Command Line: 
LogInit: Base Directory: C:/Program Files/Epic Games/UE_4.22/Engine/Binaries/Win64/
LogInit: Installed Engine Build: 1
LogDevObjectVersion: Number of dev versions registered: 23
LogDevObjectVersion:   Dev-Blueprints (B0D832E4-1F89-4F0D-ACCF-7EB736FD4AA2): 10
LogDevObjectVersion:   Dev-Build (E1C64328-A22C-4D53-A36C-8E866417BD8C): 0
LogDevObjectVersion:   Dev-Core (375EC13C-06E4-48FB-B500-84F0262A717E): 3
LogDevObjectVersion:   Dev-Editor (E4B068ED-F494-42E9-A231-DA0B2E46BB41): 30
LogDevObjectVersion:   Dev-Framework (CFFC743F-43B0-4480-9391-14DF171D2073): 35
LogDevObjectVersion:   Dev-Mobile (B02B49B5-BB20-44E9-A304-32B752E40360): 2
LogDevObjectVersion:   Dev-Networking (A4E4105C-59A1-49B5-A7C5-40C4547EDFEE): 0
LogDevObjectVersion:   Dev-Online (39C831C9-5AE6-47DC-9A44-9C173E1C8E7C): 0
LogDevObjectVersion:   Dev-Physics (78F01B33-EBEA-4F98-B9B4-84EACCB95AA2): 0
LogDevObjectVersion:   Dev-Platform (6631380F-2D4D-43E0-8009-CF276956A95A): 0
LogDevObjectVersion:   Dev-Rendering (12F88B9F-8875-4AFC-A67C-D90C383ABD29): 28
LogDevObjectVersion:   Dev-Sequencer (7B5AE74C-D270-4C10-A958-57980B212A5A): 11
LogDevObjectVersion:   Dev-VR (D7296918-1DD6-4BDD-9DE2-64A83CC13884): 2
LogDevObjectVersion:   Dev-LoadTimes (C2A15278-BFE7-4AFE-6C17-90FF531DF755): 1
LogDevObjectVersion:   Private-Geometry (6EACA3D4-40EC-4CC1-B786-8BED09428FC5): 3
LogDevObjectVersion:   Dev-AnimPhys (29E575DD-E0A3-4627-9D10-D276232CDCEA): 17
LogDevObjectVersion:   Dev-Anim (AF43A65D-7FD3-4947-9873-3E8ED9C1BB05): 2
LogDevObjectVersion:   Dev-ReflectionCapture (6B266CEC-1EC7-4B8F-A30B-E4D90942FC07): 1
LogDevObjectVersion:   Dev-Automation (0DF73D61-A23F-47EA-B727-89E90C41499A): 1
LogDevObjectVersion:   FortniteMain (601D1886-AC64-4F84-AA16-D3DE0DEAC7D6): 25
LogDevObjectVersion:   Dev-Enterprise (9DFFBCD6-494F-0158-E221-12823C92A888): 6
LogDevObjectVersion:   Dev-Niagara (F2AED0AC-9AFE-416F-8664-AA7FFA26D6FC): 1
LogDevObjectVersion:   Dev-Destruction (174F1F0B-B4C6-45A5-B13F-2EE8D0FB917D): 2
LogInit: Presizing for max 16777216 objects, including 0 objects not considered by GC, pre-allocating 0 bytes for permanent pool.
LogInit: Object subsystem initialized
LogConfig: Setting CVar [[con.DebugEarlyDefault:1]]
LogConfig: Setting CVar [[r.setres:1280x720]]
[2019.11.26-06.15.08:237][  0]LogConfig: Setting CVar [[r.VSync:0]]
[2019.11.26-06.15.08:237][  0]LogConfig: Setting CVar [[r.RHICmdBypass:0]]
[2019.11.26-06.15.08:237][  0]LogConfig: Applying CVar settings from Section [/Script/Engine.RendererSettings] File [C:/Users/riku.heino/Desktop/GameProgrammingNow/GameProgrammingNow/BatteryCollector/Saved/Config/Windows/Engine.ini]
[2019.11.26-06.15.08:237][  0]LogConfig: Setting CVar [[r.GPUCrashDebugging:0]]
[2019.11.26-06.15.08:237][  0]LogConfig: Applying CVar settings from Section [/Script/Engine.RendererOverrideSettings] File [C:/Users/riku.heino/Desktop/GameProgrammingNow/GameProgrammingNow/BatteryCollector/Saved/Config/Windows/Engine.ini]
[2019.11.26-06.15.08:237][  0]LogConfig: Applying CVar settings from Section [/Script/Engine.StreamingSettings] File [C:/Users/riku.heino/Desktop/GameProgrammingNow/GameProgrammingNow/BatteryCollector/Saved/Config/Windows/Engine.ini]
[2019.11.26-06.15.08:237][  0]LogConfig: Setting CVar [[s.MinBulkDataSizeForAsyncLoading:131072]]
[2019.11.26-06.15.08:237][  0]LogConfig: Setting CVar [[s.AsyncLoadingThreadEnabled:0]]
[2019.11.26-06.15.08:237][  0]LogConfig: Setting CVar [[s.EventDrivenLoaderEnabled:1]]
[2019.11.26-06.15.08:237][  0]LogConfig: Setting CVar [[s.WarnIfTimeLimitExceeded:0]]
[2019.11.26-06.15.08:237][  0]LogConfig: Setting CVar [[s.TimeLimitExceededMultiplier:1.5]]
[2019.11.26-06.15.08:237][  0]LogConfig: Setting CVar [[s.TimeLimitExceededMinTime:0.005]]
[2019.11.26-06.15.08:237][  0]LogConfig: Setting CVar [[s.UseBackgroundLevelStreaming:1]]
[2019.11.26-06.15.08:237][  0]LogConfig: Setting CVar [[s.PriorityAsyncLoadingExtraTime:15.0]]
[2019.11.26-06.15.08:237][  0]LogConfig: Setting CVar [[s.LevelStreamingActorsUpdateTimeLimit:5.0]]
[2019.11.26-06.15.08:237][  0]LogConfig: Setting CVar [[s.PriorityLevelStreamingActorsUpdateExtraTime:5.0]]
[2019.11.26-06.15.08:237][  0]LogConfig: Setting CVar [[s.LevelStreamingComponentsRegistrationGranularity:10]]
[2019.11.26-06.15.08:237][  0]LogConfig: Setting CVar [[s.UnregisterComponentsTimeLimit:1.0]]
[2019.11.26-06.15.08:237][  0]LogConfig: Setting CVar [[s.LevelStreamingComponentsUnregistrationGranularity:5]]
[2019.11.26-06.15.08:237][  0]LogConfig: Applying CVar settings from Section [/Script/Engine.GarbageCollectionSettings] File [C:/Users/riku.heino/Desktop/GameProgrammingNow/GameProgrammingNow/BatteryCollector/Saved/Config/Windows/Engine.ini]
[2019.11.26-06.15.08:237][  0]LogConfig: Setting CVar [[gc.MaxObjectsNotConsideredByGC:1]]
[2019.11.26-06.15.08:237][  0]LogConfig: Setting CVar [[gc.SizeOfPermanentObjectPool:0]]
[2019.11.26-06.15.08:237][  0]LogConfig: Setting CVar [[gc.FlushStreamingOnGC:0]]
[2019.11.26-06.15.08:237][  0]LogConfig: Setting CVar [[gc.NumRetriesBeforeForcingGC:10]]
[2019.11.26-06.15.08:237][  0]LogConfig: Setting CVar [[gc.AllowParallelGC:1]]
[2019.11.26-06.15.08:237][  0]LogConfig: Setting CVar [[gc.TimeBetweenPurgingPendingKillObjects:61.1]]
[2019.11.26-06.15.08:237][  0]LogConfig: Setting CVar [[gc.MaxObjectsInEditor:16777216]]
[2019.11.26-06.15.08:237][  0]LogConfig: Setting CVar [[gc.IncrementalBeginDestroyEnabled:1]]
[2019.11.26-06.15.08:237][  0]LogConfig: Setting CVar [[gc.CreateGCClusters:1]]
[2019.11.26-06.15.08:237][  0]LogConfig: Setting CVar [[gc.MinGCClusterSize:5]]
[2019.11.26-06.15.08:237][  0]LogConfig: Setting CVar [[gc.ActorClusteringEnabled:0]]
[2019.11.26-06.15.08:237][  0]LogConfig: Setting CVar [[gc.BlueprintClusteringEnabled:0]]
[2019.11.26-06.15.08:237][  0]LogConfig: Setting CVar [[gc.UseDisregardForGCOnDedicatedServers:0]]
[2019.11.26-06.15.08:237][  0]LogConfig: Applying CVar settings from Section [/Script/Engine.NetworkSettings] File [C:/Users/riku.heino/Desktop/GameProgrammingNow/GameProgrammingNow/BatteryCollector/Saved/Config/Windows/Engine.ini]
[2019.11.26-06.15.08:237][  0]LogConfig: Applying CVar settings from Section [/Script/UnrealEd.CookerSettings] File [C:/Users/riku.heino/Desktop/GameProgrammingNow/GameProgrammingNow/BatteryCollector/Saved/Config/Windows/Engine.ini]
[2019.11.26-06.15.08:245][  0]LogConfig: Applying CVar settings from Section [ViewDistanceQuality@3] File [C:/Users/riku.heino/Desktop/GameProgrammingNow/GameProgrammingNow/BatteryCollector/Saved/Config/Windows/Scalability.ini]
[2019.11.26-06.15.08:245][  0]LogConfig: Setting CVar [[r.SkeletalMeshLODBias:0]]
[2019.11.26-06.15.08:245][  0]LogConfig: Setting CVar [[r.ViewDistanceScale:1.0]]
[2019.11.26-06.15.08:245][  0]LogConfig: Applying CVar settings from Section [AntiAliasingQuality@3] File [C:/Users/riku.heino/Desktop/GameProgrammingNow/GameProgrammingNow/BatteryCollector/Saved/Config/Windows/Scalability.ini]
[2019.11.26-06.15.08:245][  0]LogConfig: Setting CVar [[r.PostProcessAAQuality:4]]
[2019.11.26-06.15.08:245][  0]LogConfig: Applying CVar settings from Section [ShadowQuality@3] File [C:/Users/riku.heino/Desktop/GameProgrammingNow/GameProgrammingNow/BatteryCollector/Saved/Config/Windows/Scalability.ini]
[2019.11.26-06.15.08:245][  0]LogConfig: Setting CVar [[r.LightFunctionQuality:1]]
[2019.11.26-06.15.08:245][  0]LogConfig: Setting CVar [[r.ShadowQuality:5]]
[2019.11.26-06.15.08:245][  0]LogConfig: Setting CVar [[r.Shadow.CSM.MaxCascades:10]]
[2019.11.26-06.15.08:245][  0]LogConfig: Setting CVar [[r.Shadow.MaxResolution:2048]]
[2019.11.26-06.15.08:245][  0]LogConfig: Setting CVar [[r.Shadow.MaxCSMResolution:2048]]
[2019.11.26-06.15.08:245][  0]LogConfig: Setting CVar [[r.Shadow.RadiusThreshold:0.01]]
[2019.11.26-06.15.08:245][  0]LogConfig: Setting CVar [[r.Shadow.DistanceScale:1.0]]
[2019.11.26-06.15.08:245][  0]LogConfig: Setting CVar [[r.Shadow.CSM.TransitionScale:1.0]]
[2019.11.26-06.15.08:245][  0]LogConfig: Setting CVar [[r.Shadow.PreShadowResolutionFactor:1.0]]
[2019.11.26-06.15.08:245][  0]LogConfig: Setting CVar [[r.DistanceFieldShadowing:1]]
[2019.11.26-06.15.08:246][  0]LogConfig: Setting CVar [[r.DistanceFieldAO:1]]
[2019.11.26-06.15.08:246][  0]LogConfig: Setting CVar [[r.AOQuality:2]]
[2019.11.26-06.15.08:246][  0]LogConfig: Setting CVar [[r.VolumetricFog:1]]
[2019.11.26-06.15.08:246][  0]LogConfig: Setting CVar [[r.VolumetricFog.GridPixelSize:8]]
[2019.11.26-06.15.08:246][  0]LogConfig: Setting CVar [[r.VolumetricFog.GridSizeZ:128]]
[2019.11.26-06.15.08:246][  0]LogConfig: Setting CVar [[r.VolumetricFog.HistoryMissSupersampleCount:4]]
[2019.11.26-06.15.08:246][  0]LogConfig: Setting CVar [[r.LightMaxDrawDistanceScale:1]]
[2019.11.26-06.15.08:246][  0]LogConfig: Setting CVar [[r.CapsuleShadows:1]]
[2019.11.26-06.15.08:246][  0]LogConfig: Applying CVar settings from Section [PostProcessQuality@3] File [C:/Users/riku.heino/Desktop/GameProgrammingNow/GameProgrammingNow/BatteryCollector/Saved/Config/Windows/Scalability.ini]
[2019.11.26-06.15.08:246][  0]LogConfig: Setting CVar [[r.MotionBlurQuality:4]]
[2019.11.26-06.15.08:246][  0]LogConfig: Setting CVar [[r.AmbientOcclusionMipLevelFactor:0.4]]
[2019.11.26-06.15.08:246][  0]LogConfig: Setting CVar [[r.AmbientOcclusionMaxQuality:100]]
[2019.11.26-06.15.08:246][  0]LogConfig: Setting CVar [[r.AmbientOcclusionLevels:-1]]
[2019.11.26-06.15.08:246][  0]LogConfig: Setting CVar [[r.AmbientOcclusionRadiusScale:1.0]]
[2019.11.26-06.15.08:246][  0]LogConfig: Setting CVar [[r.DepthOfFieldQuality:2]]
[2019.11.26-06.15.08:246][  0]LogConfig: Setting CVar [[r.RenderTargetPoolMin:400]]
[2019.11.26-06.15.08:246][  0]LogConfig: Setting CVar [[r.LensFlareQuality:2]]
[2019.11.26-06.15.08:246][  0]LogConfig: Setting CVar [[r.SceneColorFringeQuality:1]]
[2019.11.26-06.15.08:246][  0]LogConfig: Setting CVar [[r.EyeAdaptationQuality:2]]
[2019.11.26-06.15.08:246][  0]LogConfig: Setting CVar [[r.BloomQuality:5]]
[2019.11.26-06.15.08:246][  0]LogConfig: Setting CVar [[r.FastBlurThreshold:100]]
[2019.11.26-06.15.08:246][  0]LogConfig: Setting CVar [[r.Upscale.Quality:3]]
[2019.11.26-06.15.08:246][  0]LogConfig: Setting CVar [[r.Tonemapper.GrainQuantization:1]]
[2019.11.26-06.15.08:246][  0]LogConfig: Setting CVar [[r.LightShaftQuality:1]]
[2019.11.26-06.15.08:246][  0]LogConfig: Setting CVar [[r.Filter.SizeScale:1]]
[2019.11.26-06.15.08:246][  0]LogConfig: Setting CVar [[r.Tonemapper.Quality:5]]
[2019.11.26-06.15.08:246][  0]LogConfig: Setting CVar [[r.DOF.Gather.AccumulatorQuality:1        ; higher gathering accumulator quality]]
[2019.11.26-06.15.08:246][  0]LogConfig: Setting CVar [[r.DOF.Gather.PostfilterMethod:1          ; Median3x3 postfilering method]]
[2019.11.26-06.15.08:246][  0]LogConfig: Setting CVar [[r.DOF.Gather.EnableBokehSettings:0       ; no bokeh simulation when gathering]]
[2019.11.26-06.15.08:246][  0]LogConfig: Setting CVar [[r.DOF.Gather.RingCount:4                 ; medium number of samples when gathering]]
[2019.11.26-06.15.08:246][  0]LogConfig: Setting CVar [[r.DOF.Scatter.ForegroundCompositing:1    ; additive foreground scattering]]
[2019.11.26-06.15.08:246][  0]LogConfig: Setting CVar [[r.DOF.Scatter.BackgroundCompositing:2    ; additive background scattering]]
[2019.11.26-06.15.08:246][  0]LogConfig: Setting CVar [[r.DOF.Scatter.EnableBokehSettings:1      ; bokeh simulation when scattering]]
[2019.11.26-06.15.08:246][  0]LogConfig: Setting CVar [[r.DOF.Scatter.MaxSpriteRatio:0.1         ; only a maximum of 10% of scattered bokeh]]
[2019.11.26-06.15.08:246][  0]LogConfig: Setting CVar [[r.DOF.Recombine.Quality:1                ; cheap slight out of focus]]
[2019.11.26-06.15.08:246][  0]LogConfig: Setting CVar [[r.DOF.Recombine.EnableBokehSettings:0    ; no bokeh simulation on slight out of focus]]
[2019.11.26-06.15.08:246][  0]LogConfig: Setting CVar [[r.DOF.TemporalAAQuality:1                ; more stable temporal accumulation]]
[2019.11.26-06.15.08:246][  0]LogConfig: Setting CVar [[r.DOF.Kernel.MaxForegroundRadius:0.025]]
[2019.11.26-06.15.08:246][  0]LogConfig: Setting CVar [[r.DOF.Kernel.MaxBackgroundRadius:0.025]]
[2019.11.26-06.15.08:246][  0]LogConfig: Applying CVar settings from Section [TextureQuality@3] File [C:/Users/riku.heino/Desktop/GameProgrammingNow/GameProgrammingNow/BatteryCollector/Saved/Config/Windows/Scalability.ini]
[2019.11.26-06.15.08:246][  0]LogConfig: Setting CVar [[r.Streaming.MipBias:0]]
[2019.11.26-06.15.08:246][  0]LogConfig: Setting CVar [[r.Streaming.AmortizeCPUToGPUCopy:0]]
[2019.11.26-06.15.08:246][  0]LogConfig: Setting CVar [[r.Streaming.MaxNumTexturesToStreamPerFrame:0]]
[2019.11.26-06.15.08:246][  0]LogConfig: Setting CVar [[r.Streaming.Boost:1]]
[2019.11.26-06.15.08:246][  0]LogConfig: Setting CVar [[r.MaxAnisotropy:8]]
[2019.11.26-06.15.08:246][  0]LogConfig: Setting CVar [[r.Streaming.LimitPoolSizeToVRAM:0]]
[2019.11.26-06.15.08:246][  0]LogConfig: Setting CVar [[r.Streaming.PoolSize:1000]]
[2019.11.26-06.15.08:246][  0]LogConfig: Setting CVar [[r.Streaming.MaxEffectiveScreenSize:0]]
[2019.11.26-06.15.08:246][  0]LogConfig: Applying CVar settings from Section [EffectsQuality@3] File [C:/Users/riku.heino/Desktop/GameProgrammingNow/GameProgrammingNow/BatteryCollector/Saved/Config/Windows/Scalability.ini]
[2019.11.26-06.15.08:246][  0]LogConfig: Setting CVar [[r.TranslucencyLightingVolumeDim:64]]
[2019.11.26-06.15.08:246][  0]LogConfig: Setting CVar [[r.RefractionQuality:2]]
[2019.11.26-06.15.08:246][  0]LogConfig: Setting CVar [[r.SSR.Quality:3]]
[2019.11.26-06.15.08:246][  0]LogConfig: Setting CVar [[r.SceneColorFormat:4]]
[2019.11.26-06.15.08:246][  0]LogConfig: Setting CVar [[r.DetailMode:2]]
[2019.11.26-06.15.08:246][  0]LogConfig: Setting CVar [[r.TranslucencyVolumeBlur:1]]
[2019.11.26-06.15.08:246][  0]LogConfig: Setting CVar [[r.MaterialQualityLevel:1 ; High quality]]
[2019.11.26-06.15.08:246][  0]LogConfig: Setting CVar [[r.SSS.Scale:1]]
[2019.11.26-06.15.08:246][  0]LogConfig: Setting CVar [[r.SSS.SampleSet:2]]
[2019.11.26-06.15.08:246][  0]LogConfig: Setting CVar [[r.SSS.Quality:1]]
[2019.11.26-06.15.08:246][  0]LogConfig: Setting CVar [[r.SSS.HalfRes:1]]
[2019.11.26-06.15.08:246][  0]LogConfig: Setting CVar [[r.EmitterSpawnRateScale:1.0]]
[2019.11.26-06.15.08:246][  0]LogConfig: Setting CVar [[r.ParticleLightQuality:2]]
[2019.11.26-06.15.08:246][  0]LogConfig: Applying CVar settings from Section [FoliageQuality@3] File [C:/Users/riku.heino/Desktop/GameProgrammingNow/GameProgrammingNow/BatteryCollector/Saved/Config/Windows/Scalability.ini]
[2019.11.26-06.15.08:246][  0]LogConfig: Setting CVar [[foliage.DensityScale:1.0]]
[2019.11.26-06.15.08:246][  0]LogConfig: Setting CVar [[grass.DensityScale:1.0]]
[2019.11.26-06.15.08:247][  0]LogInit: Selected Device Profile: [Windows]
[2019.11.26-06.15.08:247][  0]LogInit: Applying CVar settings loaded from the selected device profile: [Windows]
[2019.11.26-06.15.08:266][  0]LogHAL: Display: Platform has ~ 16 GB [17066573824 / 17179869184 / 16], which maps to Larger [LargestMinGB=32, LargerMinGB=12, DefaultMinGB=8, SmallerMinGB=6, SmallestMinGB=0)
[2019.11.26-06.15.08:266][  0]LogConfig: Setting CVar [[r.Vulkan.UseRealUBs:0		; Required until we fix HLR fall-out]]
[2019.11.26-06.15.08:266][  0]LogInit: Going up to parent DeviceProfile []
[2019.11.26-06.15.08:267][  0]LogConfig: Applying CVar settings from Section [ViewDistanceQuality@3] File [C:/Users/riku.heino/Desktop/GameProgrammingNow/GameProgrammingNow/BatteryCollector/Saved/Config/Windows/Scalability.ini]
[2019.11.26-06.15.08:267][  0]LogConfig: Setting CVar [[r.SkeletalMeshLODBias:0]]
[2019.11.26-06.15.08:267][  0]LogConfig: Setting CVar [[r.ViewDistanceScale:1.0]]
[2019.11.26-06.15.08:267][  0]LogConfig: Applying CVar settings from Section [AntiAliasingQuality@3] File [C:/Users/riku.heino/Desktop/GameProgrammingNow/GameProgrammingNow/BatteryCollector/Saved/Config/Windows/Scalability.ini]
[2019.11.26-06.15.08:267][  0]LogConfig: Setting CVar [[r.PostProcessAAQuality:4]]
[2019.11.26-06.15.08:267][  0]LogConfig: Applying CVar settings from Section [ShadowQuality@3] File [C:/Users/riku.heino/Desktop/GameProgrammingNow/GameProgrammingNow/BatteryCollector/Saved/Config/Windows/Scalability.ini]
[2019.11.26-06.15.08:267][  0]LogConfig: Setting CVar [[r.LightFunctionQuality:1]]
[2019.11.26-06.15.08:267][  0]LogConfig: Setting CVar [[r.ShadowQuality:5]]
[2019.11.26-06.15.08:267][  0]LogConfig: Setting CVar [[r.Shadow.CSM.MaxCascades:10]]
[2019.11.26-06.15.08:267][  0]LogConfig: Setting CVar [[r.Shadow.MaxResolution:2048]]
[2019.11.26-06.15.08:267][  0]LogConfig: Setting CVar [[r.Shadow.MaxCSMResolution:2048]]
[2019.11.26-06.15.08:267][  0]LogConfig: Setting CVar [[r.Shadow.RadiusThreshold:0.01]]
[2019.11.26-06.15.08:267][  0]LogConfig: Setting CVar [[r.Shadow.DistanceScale:1.0]]
[2019.11.26-06.15.08:267][  0]LogConfig: Setting CVar [[r.Shadow.CSM.TransitionScale:1.0]]
[2019.11.26-06.15.08:267][  0]LogConfig: Setting CVar [[r.Shadow.PreShadowResolutionFactor:1.0]]
[2019.11.26-06.15.08:267][  0]LogConfig: Setting CVar [[r.DistanceFieldShadowing:1]]
[2019.11.26-06.15.08:267][  0]LogConfig: Setting CVar [[r.DistanceFieldAO:1]]
[2019.11.26-06.15.08:267][  0]LogConfig: Setting CVar [[r.AOQuality:2]]
[2019.11.26-06.15.08:267][  0]LogConfig: Setting CVar [[r.VolumetricFog:1]]
[2019.11.26-06.15.08:267][  0]LogConfig: Setting CVar [[r.VolumetricFog.GridPixelSize:8]]
[2019.11.26-06.15.08:267][  0]LogConfig: Setting CVar [[r.VolumetricFog.GridSizeZ:128]]
[2019.11.26-06.15.08:267][  0]LogConfig: Setting CVar [[r.VolumetricFog.HistoryMissSupersampleCount:4]]
[2019.11.26-06.15.08:267][  0]LogConfig: Setting CVar [[r.LightMaxDrawDistanceScale:1]]
[2019.11.26-06.15.08:267][  0]LogConfig: Setting CVar [[r.CapsuleShadows:1]]
[2019.11.26-06.15.08:267][  0]LogConfig: Applying CVar settings from Section [PostProcessQuality@3] File [C:/Users/riku.heino/Desktop/GameProgrammingNow/GameProgrammingNow/BatteryCollector/Saved/Config/Windows/Scalability.ini]
[2019.11.26-06.15.08:267][  0]LogConfig: Setting CVar [[r.MotionBlurQuality:4]]
[2019.11.26-06.15.08:267][  0]LogConfig: Setting CVar [[r.AmbientOcclusionMipLevelFactor:0.4]]
[2019.11.26-06.15.08:267][  0]LogConfig: Setting CVar [[r.AmbientOcclusionMaxQuality:100]]
[2019.11.26-06.15.08:267][  0]LogConfig: Setting CVar [[r.AmbientOcclusionLevels:-1]]
[2019.11.26-06.15.08:267][  0]LogConfig: Setting CVar [[r.AmbientOcclusionRadiusScale:1.0]]
[2019.11.26-06.15.08:267][  0]LogConfig: Setting CVar [[r.DepthOfFieldQuality:2]]
[2019.11.26-06.15.08:267][  0]LogConfig: Setting CVar [[r.RenderTargetPoolMin:400]]
[2019.11.26-06.15.08:267][  0]LogConfig: Setting CVar [[r.LensFlareQuality:2]]
[2019.11.26-06.15.08:267][  0]LogConfig: Setting CVar [[r.SceneColorFringeQuality:1]]
[2019.11.26-06.15.08:267][  0]LogConfig: Setting CVar [[r.EyeAdaptationQuality:2]]
[2019.11.26-06.15.08:267][  0]LogConfig: Setting CVar [[r.BloomQuality:5]]
[2019.11.26-06.15.08:267][  0]LogConfig: Setting CVar [[r.FastBlurThreshold:100]]
[2019.11.26-06.15.08:268][  0]LogConfig: Setting CVar [[r.Upscale.Quality:3]]
[2019.11.26-06.15.08:268][  0]LogConfig: Setting CVar [[r.Tonemapper.GrainQuantization:1]]
[2019.11.26-06.15.08:268][  0]LogConfig: Setting CVar [[r.LightShaftQuality:1]]
[2019.11.26-06.15.08:268][  0]LogConfig: Setting CVar [[r.Filter.SizeScale:1]]
[2019.11.26-06.15.08:268][  0]LogConfig: Setting CVar [[r.Tonemapper.Quality:5]]
[2019.11.26-06.15.08:268][  0]LogConfig: Setting CVar [[r.DOF.Gather.AccumulatorQuality:1        ; higher gathering accumulator quality]]
[2019.11.26-06.15.08:268][  0]LogConfig: Setting CVar [[r.DOF.Gather.PostfilterMethod:1          ; Median3x3 postfilering method]]
[2019.11.26-06.15.08:268][  0]LogConfig: Setting CVar [[r.DOF.Gather.EnableBokehSettings:0       ; no bokeh simulation when gathering]]
[2019.11.26-06.15.08:268][  0]LogConfig: Setting CVar [[r.DOF.Gather.RingCount:4                 ; medium number of samples when gathering]]
[2019.11.26-06.15.08:268][  0]LogConfig: Setting CVar [[r.DOF.Scatter.ForegroundCompositing:1    ; additive foreground scattering]]
[2019.11.26-06.15.08:268][  0]LogConfig: Setting CVar [[r.DOF.Scatter.BackgroundCompositing:2    ; additive background scattering]]
[2019.11.26-06.15.08:268][  0]LogConfig: Setting CVar [[r.DOF.Scatter.EnableBokehSettings:1      ; bokeh simulation when scattering]]
[2019.11.26-06.15.08:268][  0]LogConfig: Setting CVar [[r.DOF.Scatter.MaxSpriteRatio:0.1         ; only a maximum of 10% of scattered bokeh]]
[2019.11.26-06.15.08:268][  0]LogConfig: Setting CVar [[r.DOF.Recombine.Quality:1                ; cheap slight out of focus]]
[2019.11.26-06.15.08:268][  0]LogConfig: Setting CVar [[r.DOF.Recombine.EnableBokehSettings:0    ; no bokeh simulation on slight out of focus]]
[2019.11.26-06.15.08:268][  0]LogConfig: Setting CVar [[r.DOF.TemporalAAQuality:1                ; more stable temporal accumulation]]
[2019.11.26-06.15.08:268][  0]LogConfig: Setting CVar [[r.DOF.Kernel.MaxForegroundRadius:0.025]]
[2019.11.26-06.15.08:268][  0]LogConfig: Setting CVar [[r.DOF.Kernel.MaxBackgroundRadius:0.025]]
[2019.11.26-06.15.08:268][  0]LogConfig: Applying CVar settings from Section [TextureQuality@3] File [C:/Users/riku.heino/Desktop/GameProgrammingNow/GameProgrammingNow/BatteryCollector/Saved/Config/Windows/Scalability.ini]
[2019.11.26-06.15.08:268][  0]LogConfig: Setting CVar [[r.Streaming.MipBias:0]]
[2019.11.26-06.15.08:268][  0]LogConfig: Setting CVar [[r.Streaming.AmortizeCPUToGPUCopy:0]]
[2019.11.26-06.15.08:268][  0]LogConfig: Setting CVar [[r.Streaming.MaxNumTexturesToStreamPerFrame:0]]
[2019.11.26-06.15.08:268][  0]LogConfig: Setting CVar [[r.Streaming.Boost:1]]
[2019.11.26-06.15.08:268][  0]LogConfig: Setting CVar [[r.MaxAnisotropy:8]]
[2019.11.26-06.15.08:268][  0]LogConfig: Setting CVar [[r.Streaming.LimitPoolSizeToVRAM:0]]
[2019.11.26-06.15.08:268][  0]LogConfig: Setting CVar [[r.Streaming.PoolSize:1000]]
[2019.11.26-06.15.08:268][  0]LogConfig: Setting CVar [[r.Streaming.MaxEffectiveScreenSize:0]]
[2019.11.26-06.15.08:268][  0]LogConfig: Applying CVar settings from Section [EffectsQuality@3] File [C:/Users/riku.heino/Desktop/GameProgrammingNow/GameProgrammingNow/BatteryCollector/Saved/Config/Windows/Scalability.ini]
[2019.11.26-06.15.08:268][  0]LogConfig: Setting CVar [[r.TranslucencyLightingVolumeDim:64]]
[2019.11.26-06.15.08:268][  0]LogConfig: Setting CVar [[r.RefractionQuality:2]]
[2019.11.26-06.15.08:268][  0]LogConfig: Setting CVar [[r.SSR.Quality:3]]
[2019.11.26-06.15.08:268][  0]LogConfig: Setting CVar [[r.SceneColorFormat:4]]
[2019.11.26-06.15.08:268][  0]LogConfig: Setting CVar [[r.DetailMode:2]]
[2019.11.26-06.15.08:268][  0]LogConfig: Setting CVar [[r.TranslucencyVolumeBlur:1]]
[2019.11.26-06.15.08:268][  0]LogConfig: Setting CVar [[r.MaterialQualityLevel:1 ; High quality]]
[2019.11.26-06.15.08:268][  0]LogConfig: Setting CVar [[r.SSS.Scale:1]]
[2019.11.26-06.15.08:268][  0]LogConfig: Setting CVar [[r.SSS.SampleSet:2]]
[2019.11.26-06.15.08:268][  0]LogConfig: Setting CVar [[r.SSS.Quality:1]]
[2019.11.26-06.15.08:268][  0]LogConfig: Setting CVar [[r.SSS.HalfRes:1]]
[2019.11.26-06.15.08:268][  0]LogConfig: Setting CVar [[r.EmitterSpawnRateScale:1.0]]
[2019.11.26-06.15.08:268][  0]LogConfig: Setting CVar [[r.ParticleLightQuality:2]]
[2019.11.26-06.15.08:268][  0]LogConfig: Applying CVar settings from Section [FoliageQuality@3] File [C:/Users/riku.heino/Desktop/GameProgrammingNow/GameProgrammingNow/BatteryCollector/Saved/Config/Windows/Scalability.ini]
[2019.11.26-06.15.08:268][  0]LogConfig: Setting CVar [[foliage.DensityScale:1.0]]
[2019.11.26-06.15.08:268][  0]LogConfig: Setting CVar [[grass.DensityScale:1.0]]
[2019.11.26-06.15.08:268][  0]LogConfig: Applying CVar settings from Section [Startup] File [../../../Engine/Config/ConsoleVariables.ini]
[2019.11.26-06.15.08:273][  0]LogConfig: Setting CVar [[net.UseAdaptiveNetUpdateFrequency:0]]
[2019.11.26-06.15.08:273][  0]LogConfig: Setting CVar [[p.chaos.AllowCreatePhysxBodies:1]]
[2019.11.26-06.15.08:273][  0]LogConfig: Applying CVar settings from Section [ConsoleVariables] File [C:/Users/riku.heino/Desktop/GameProgrammingNow/GameProgrammingNow/BatteryCollector/Saved/Config/Windows/Engine.ini]
[2019.11.26-06.15.08:273][  0]LogInit: Computer: GAMELAB-49
[2019.11.26-06.15.08:273][  0]LogInit: User: rikuheino
[2019.11.26-06.15.08:273][  0]LogInit: CPU Page size=4096, Cores=4
[2019.11.26-06.15.08:273][  0]LogInit: High frequency timer resolution =10.000000 MHz
[2019.11.26-06.15.08:274][  0]LogMemory: Memory total: Physical=15.9GB (16GB approx)
[2019.11.26-06.15.08:274][  0]LogMemory: Platform Memory Stats for Windows
[2019.11.26-06.15.08:274][  0]LogMemory: Process Physical Memory: 96.50 MB used, 96.50 MB peak
[2019.11.26-06.15.08:274][  0]LogMemory: Process Virtual Memory: 83.79 MB used, 83.79 MB peak
[2019.11.26-06.15.08:274][  0]LogMemory: Physical Memory: 3865.51 MB used,  12410.44 MB free, 16275.95 MB total
[2019.11.26-06.15.08:274][  0]LogMemory: Virtual Memory: 4624.89 MB used,  134213104.00 MB free, 134217728.00 MB total
[2019.11.26-06.15.08:460][  0]LogInit: Using OS detected language (en-US).
[2019.11.26-06.15.08:460][  0]LogInit: Using OS detected locale (en-FI).
[2019.11.26-06.15.08:463][  0]LogTextLocalizationManager: No specific localization for 'en-US' exists, so the 'en' localization will be used.
[2019.11.26-06.15.08:723][  0]LogInit: Setting process to per monitor DPI aware
[2019.11.26-06.15.08:817][  0]LogSlate: New Slate User Created.  User Index 0, Is Virtual User: 0
[2019.11.26-06.15.08:817][  0]LogSlate: Slate User Registered.  User Index 0, Is Virtual User: 0
[2019.11.26-06.15.10:889][  0]LogHMD: Failed to initialize OpenVR with code 110
[2019.11.26-06.15.10:889][  0]LogD3D11RHI: D3D11 adapters:
[2019.11.26-06.15.10:954][  0]LogD3D11RHI:    0. 'NVIDIA GeForce GTX 1060 6GB' (Feature Level 11_0)
[2019.11.26-06.15.10:954][  0]LogD3D11RHI:       6052/0/8137 MB DedicatedVideo/DedicatedSystem/SharedSystem, Outputs:2, VendorId:0x10de
[2019.11.26-06.15.10:981][  0]LogD3D11RHI:    1. 'Intel(R) HD Graphics 630' (Feature Level 11_0)
[2019.11.26-06.15.10:981][  0]LogD3D11RHI:       128/0/8137 MB DedicatedVideo/DedicatedSystem/SharedSystem, Outputs:0, VendorId:0x8086
[2019.11.26-06.15.10:983][  0]LogD3D11RHI:    2. 'Microsoft Basic Render Driver' (Feature Level 11_0)
[2019.11.26-06.15.10:983][  0]LogD3D11RHI:       0/0/8137 MB DedicatedVideo/DedicatedSystem/SharedSystem, Outputs:0, VendorId:0x1414
[2019.11.26-06.15.10:983][  0]LogD3D11RHI: Chosen D3D11 Adapter: 0
[2019.11.26-06.15.10:989][  0]LogD3D11RHI: Creating new Direct3DDevice
[2019.11.26-06.15.10:989][  0]LogD3D11RHI:     GPU DeviceId: 0x1c03 (for the marketing name, search the web for "GPU Device Id")
[2019.11.26-06.15.10:990][  0]LogWindows: EnumDisplayDevices:
[2019.11.26-06.15.10:990][  0]LogWindows:    0. 'NVIDIA GeForce GTX 1060 6GB' (P:0 D:1)
[2019.11.26-06.15.10:990][  0]LogWindows:    1. 'NVIDIA GeForce GTX 1060 6GB' (P:1 D:1)
[2019.11.26-06.15.10:990][  0]LogWindows:    2. 'NVIDIA GeForce GTX 1060 6GB' (P:0 D:0)
[2019.11.26-06.15.10:990][  0]LogWindows:    3. 'NVIDIA GeForce GTX 1060 6GB' (P:0 D:0)
[2019.11.26-06.15.10:991][  0]LogWindows:    4. 'Intel(R) HD Graphics 630' (P:0 D:0)
[2019.11.26-06.15.10:991][  0]LogWindows:    5. 'Intel(R) HD Graphics 630' (P:0 D:0)
[2019.11.26-06.15.10:991][  0]LogWindows:    6. 'Intel(R) HD Graphics 630' (P:0 D:0)
[2019.11.26-06.15.10:991][  0]LogWindows: DebugString: PrimaryIsNotTheChoosenAdapter PrimaryIsNotTheChoosenAdapter PrimaryIsNotTheChoosenAdapter FoundDriverCount:4 
[2019.11.26-06.15.10:991][  0]LogD3D11RHI:     Adapter Name: NVIDIA GeForce GTX 1060 6GB
[2019.11.26-06.15.10:991][  0]LogD3D11RHI:   Driver Version: 398.82 (internal:24.21.13.9882, unified:398.82)
[2019.11.26-06.15.10:991][  0]LogD3D11RHI:      Driver Date: 7-30-2018
[2019.11.26-06.15.10:991][  0]LogRHI: Texture pool is 4236 MB (70% of 6052 MB)
[2019.11.26-06.15.11:026][  0]LogD3D11RHI: Async texture creation enabled
[2019.11.26-06.15.11:034][  0]LogRendererCore: FGlobalReadBuffer::InitRHI
[2019.11.26-06.15.11:035][  0]LogRendererCore: FGlobalReadBuffer::InitRHI
[2019.11.26-06.15.11:035][  0]LogRendererCore: FGlobalReadBuffer::InitRHI
[2019.11.26-06.15.11:049][  0]LogD3D11RHI: GPU Timing Frequency: 1000.000000 (Debug: 2 2)
[2019.11.26-06.15.11:701][  0]LogTemp: Display: Module 'AllDesktopTargetPlatform' loaded TargetPlatform 'AllDesktop'
[2019.11.26-06.15.11:714][  0]LogTemp: Display: Module 'MacClientTargetPlatform' loaded TargetPlatform 'MacClient'
[2019.11.26-06.15.11:728][  0]LogTemp: Display: Module 'MacNoEditorTargetPlatform' loaded TargetPlatform 'MacNoEditor'
[2019.11.26-06.15.11:741][  0]LogTemp: Display: Module 'MacServerTargetPlatform' loaded TargetPlatform 'MacServer'
[2019.11.26-06.15.11:760][  0]LogTemp: Display: Module 'MacTargetPlatform' loaded TargetPlatform 'Mac'
[2019.11.26-06.15.11:774][  0]LogTemp: Display: Module 'WindowsClientTargetPlatform' loaded TargetPlatform 'WindowsClient'
[2019.11.26-06.15.11:788][  0]LogTemp: Display: Module 'WindowsNoEditorTargetPlatform' loaded TargetPlatform 'WindowsNoEditor'
[2019.11.26-06.15.11:801][  0]LogTemp: Display: Module 'WindowsServerTargetPlatform' loaded TargetPlatform 'WindowsServer'
[2019.11.26-06.15.11:809][  0]LogTemp: Display: Module 'WindowsTargetPlatform' loaded TargetPlatform 'Windows'
[2019.11.26-06.15.11:893][  0]LogTemp: Display: Module 'AndroidTargetPlatform' loaded TargetPlatform 'Android'
[2019.11.26-06.15.11:893][  0]LogTemp: Display: Module 'AndroidTargetPlatform' loaded TargetPlatform 'Android_ASTC'
[2019.11.26-06.15.11:893][  0]LogTemp: Display: Module 'AndroidTargetPlatform' loaded TargetPlatform 'Android_ATC'
[2019.11.26-06.15.11:893][  0]LogTemp: Display: Module 'AndroidTargetPlatform' loaded TargetPlatform 'Android_DXT'
[2019.11.26-06.15.11:893][  0]LogTemp: Display: Module 'AndroidTargetPlatform' loaded TargetPlatform 'Android_ETC1'
[2019.11.26-06.15.11:893][  0]LogTemp: Display: Module 'AndroidTargetPlatform' loaded TargetPlatform 'Android_ETC1a'
[2019.11.26-06.15.11:893][  0]LogTemp: Display: Module 'AndroidTargetPlatform' loaded TargetPlatform 'Android_ETC2'
[2019.11.26-06.15.11:893][  0]LogTemp: Display: Module 'AndroidTargetPlatform' loaded TargetPlatform 'Android_PVRTC'
[2019.11.26-06.15.11:893][  0]LogTemp: Display: Module 'AndroidTargetPlatform' loaded TargetPlatform 'AndroidClient'
[2019.11.26-06.15.11:893][  0]LogTemp: Display: Module 'AndroidTargetPlatform' loaded TargetPlatform 'Android_ASTCClient'
[2019.11.26-06.15.11:893][  0]LogTemp: Display: Module 'AndroidTargetPlatform' loaded TargetPlatform 'Android_ATCClient'
[2019.11.26-06.15.11:893][  0]LogTemp: Display: Module 'AndroidTargetPlatform' loaded TargetPlatform 'Android_DXTClient'
[2019.11.26-06.15.11:893][  0]LogTemp: Display: Module 'AndroidTargetPlatform' loaded TargetPlatform 'Android_ETC1Client'
[2019.11.26-06.15.11:893][  0]LogTemp: Display: Module 'AndroidTargetPlatform' loaded TargetPlatform 'Android_ETC1aClient'
[2019.11.26-06.15.11:893][  0]LogTemp: Display: Module 'AndroidTargetPlatform' loaded TargetPlatform 'Android_ETC2Client'
[2019.11.26-06.15.11:893][  0]LogTemp: Display: Module 'AndroidTargetPlatform' loaded TargetPlatform 'Android_PVRTCClient'
[2019.11.26-06.15.11:893][  0]LogTemp: Display: Module 'AndroidTargetPlatform' loaded TargetPlatform 'Android_Multi'
[2019.11.26-06.15.11:893][  0]LogTemp: Display: Module 'AndroidTargetPlatform' loaded TargetPlatform 'Android_MultiClient'
[2019.11.26-06.15.11:896][  0]LogTemp: Display: Module 'HTML5TargetPlatform' loaded TargetPlatform 'HTML5'
[2019.11.26-06.15.11:956][  0]LogTemp: Display: Module 'IOSTargetPlatform' loaded TargetPlatform 'IOSClient'
[2019.11.26-06.15.11:956][  0]LogTemp: Display: Module 'IOSTargetPlatform' loaded TargetPlatform 'IOS'
[2019.11.26-06.15.11:978][  0]LogTemp: Display: Module 'TVOSTargetPlatform' loaded TargetPlatform 'TVOSClient'
[2019.11.26-06.15.11:978][  0]LogTemp: Display: Module 'TVOSTargetPlatform' loaded TargetPlatform 'TVOS'
[2019.11.26-06.15.11:992][  0]LogTemp: Display: Module 'LinuxClientTargetPlatform' loaded TargetPlatform 'LinuxClient'
[2019.11.26-06.15.12:005][  0]LogTemp: Display: Module 'LinuxNoEditorTargetPlatform' loaded TargetPlatform 'LinuxNoEditor'
[2019.11.26-06.15.12:019][  0]LogTemp: Display: Module 'LinuxServerTargetPlatform' loaded TargetPlatform 'LinuxServer'
[2019.11.26-06.15.12:039][  0]LogTemp: Display: Module 'LinuxTargetPlatform' loaded TargetPlatform 'Linux'
[2019.11.26-06.15.12:084][  0]LogTemp: Display: Module 'LuminTargetPlatform' loaded TargetPlatform 'Lumin'
[2019.11.26-06.15.12:084][  0]LogTemp: Display: Module 'LuminTargetPlatform' loaded TargetPlatform 'LuminClient'
[2019.11.26-06.15.12:084][  0]LogTargetPlatformManager: Display: Building Assets For Windows
[2019.11.26-06.15.12:124][  0]LogAudioDebug: Display: Lib vorbis DLL was dynamically loaded.
[2019.11.26-06.15.12:262][  0]LogShaderCompilers: Guid format shader working directory is -47 characters bigger than the processId version (../../../../../../Users/riku.heino/Desktop/GameProgrammingNow/GameProgrammingNow/BatteryCollector/Intermediate/Shaders/WorkingDirectory/12792/).
[2019.11.26-06.15.12:262][  0]LogShaderCompilers: Cleaned the shader compiler working directory 'C:/Users/riku.heino/AppData/Local/Temp/UnrealShaderWorkingDir/C789371C4619E079D45BB68EF8CE4D20/'.
[2019.11.26-06.15.12:265][  0]LogXGEController: Cleaning working directory: C:/Users/riku.heino/AppData/Local/Temp/UnrealXGEWorkingDir/
[2019.11.26-06.15.12:265][  0]LogXGEController: Cannot use XGE Controller as Incredibuild is not installed on this machine.
[2019.11.26-06.15.12:266][  0]LogShaderCompilers: Cannot use XGE Shader Compiler as Incredibuild is not installed on this machine.
[2019.11.26-06.15.12:266][  0]LogShaderCompilers: Display: Using Local Shader Compiler.
[2019.11.26-06.15.14:264][  0]LogDerivedDataCache: Display: Max Cache Size: 512 MB
[2019.11.26-06.15.14:462][  0]LogDerivedDataCache: Loaded boot cache 0.20s 74MB C:/Users/riku.heino/AppData/Local/UnrealEngine/4.22/DerivedDataCache/Boot.ddc.
[2019.11.26-06.15.14:462][  0]LogDerivedDataCache: Display: Loaded Boot cache: C:/Users/riku.heino/AppData/Local/UnrealEngine/4.22/DerivedDataCache/Boot.ddc
[2019.11.26-06.15.14:463][  0]LogDerivedDataCache: FDerivedDataBackendGraph:  Pak pak cache file ../../../../../../Users/riku.heino/Desktop/GameProgrammingNow/GameProgrammingNow/BatteryCollector/DerivedDataCache/DDC.ddp not found, will not use a pak cache.
[2019.11.26-06.15.14:463][  0]LogDerivedDataCache: Unable to find inner node Pak for hierarchical cache Hierarchy.
[2019.11.26-06.15.14:463][  0]LogDerivedDataCache: FDerivedDataBackendGraph:  CompressedPak pak cache file ../../../../../../Users/riku.heino/Desktop/GameProgrammingNow/GameProgrammingNow/BatteryCollector/DerivedDataCache/Compressed.ddp not found, will not use a pak cache.
[2019.11.26-06.15.14:463][  0]LogDerivedDataCache: Unable to find inner node CompressedPak for hierarchical cache Hierarchy.
[2019.11.26-06.15.14:483][  0]LogDerivedDataCache: Display: Pak cache opened for reading ../../../Engine/DerivedDataCache/Compressed.ddp.
[2019.11.26-06.15.14:483][  0]LogDerivedDataCache: FDerivedDataBackendGraph:  EnterprisePak pak cache file ../../../Enterprise/DerivedDataCache/Compressed.ddp not found, will not use a pak cache.
[2019.11.26-06.15.14:483][  0]LogDerivedDataCache: Unable to find inner node EnterprisePak for hierarchical cache Hierarchy.
[2019.11.26-06.15.14:496][  0]LogDerivedDataCache: Using Local data cache path C:/Users/riku.heino/AppData/Local/UnrealEngine/Common/DerivedDataCache: Writable
[2019.11.26-06.15.14:496][  0]LogDerivedDataCache: Shared data cache path not found in *engine.ini, will not use an Shared cache.
[2019.11.26-06.15.14:496][  0]LogDerivedDataCache: Unable to find inner node Shared for hierarchical cache Hierarchy.
[2019.11.26-06.15.14:520][  0]LogMaterial: Verifying Global Shaders for PCD3D_SM5
[2019.11.26-06.15.14:528][  0]LogSlate: Using FreeType 2.6.0
[2019.11.26-06.15.14:546][  0]LogSlate: SlateFontServices - WITH_FREETYPE: 1, WITH_HARFBUZZ: 1
[2019.11.26-06.15.14:945][  0]LogAssetRegistry: FAssetRegistry took 0.0359 seconds to start up
[2019.11.26-06.15.15:364][  0]LogInit: Selected Device Profile: [Windows]
[2019.11.26-06.15.15:669][  0]LogMeshReduction: Using QuadricMeshReduction for automatic static mesh reduction
[2019.11.26-06.15.15:669][  0]LogMeshReduction: Using SimplygonMeshReduction for automatic skeletal mesh reduction
[2019.11.26-06.15.15:669][  0]LogMeshReduction: Using ProxyLODMeshReduction for automatic mesh merging
[2019.11.26-06.15.15:669][  0]LogMeshReduction: No distributed automatic mesh merging module available
[2019.11.26-06.15.15:670][  0]LogMeshMerging: No distributed automatic mesh merging module available
[2019.11.26-06.15.15:729][  0]LogNetVersion: BatteryCollector 1.0.0, NetCL: 5660361, EngineNetVer: 10, GameNetVer: 0 (Checksum: 2114802313)
[2019.11.26-06.15.16:945][  0]LogPackageLocalizationCache: Processed 10 localized package path(s) for 1 prioritized culture(s) in 0.038706 seconds
[2019.11.26-06.15.16:951][  0]LogUObjectArray: 42205 objects as part of root set at end of initial load.
[2019.11.26-06.15.16:951][  0]LogUObjectAllocator: 7325032 out of 0 bytes used by permanent object pool.
[2019.11.26-06.15.16:951][  0]LogUObjectArray: CloseDisregardForGC: 0/0 objects in disregard for GC pool
[2019.11.26-06.15.20:677][  0]LogTcpMessaging: Initializing TcpMessaging bridge
[2019.11.26-06.15.20:695][  0]LogUdpMessaging: Initializing bridge on interface 0.0.0.0:0 to multicast group 230.0.0.1:6666.
[2019.11.26-06.15.21:148][  0]LogBlueprint: Warning: [Compiler Pause_HUD] Default value for  Key  on  Is Input Key Down  has changed and this asset is from a version that may have had incorrect default value information - verify and resave
[2019.11.26-06.15.21:166][  0]LogBlueprint: Warning: [Compiler Pause_HUD] [0019.13] Compile of Pause_HUD successful, but with 1 Warning(s) [in 24 ms] (/Game/Blueprints/Pause_HUD.Pause_HUD)
[2019.11.26-06.15.21:294][  0]SourceControl: Source control is disabled
[2019.11.26-06.15.21:295][  0]SourceControl: Source control is disabled
[2019.11.26-06.15.21:308][  0]SourceControl: Source control is disabled
[2019.11.26-06.15.21:313][  0]SourceControl: Source control is disabled
[2019.11.26-06.15.21:585][  0]LogAndroidPermission: UAndroidPermissionCallbackProxy::GetInstance
[2019.11.26-06.15.21:701][  0]LogOcInput: OculusInput pre-init called
[2019.11.26-06.15.22:463][  0]LogEngine: Initializing Engine...
[2019.11.26-06.15.22:466][  0]LogHMD: Failed to initialize OpenVR with code 110
[2019.11.26-06.15.22:468][  0]LogStats: UGameplayTagsManager::InitializeManager -  0.001 s
[2019.11.26-06.15.22:838][  0]LogInit: Initializing FReadOnlyCVARCache
[2019.11.26-06.15.22:875][  0]LogAIModule: Creating AISystem for world Untitled
[2019.11.26-06.15.22:908][  0]LogInit: XAudio2 using 'Speakers / Headphones (Realtek Audio)' : 2 channels at 48 kHz using 32 bits per sample (channel mask 0x3)
[2019.11.26-06.15.22:929][  0]LogInit: FAudioDevice initialized.
[2019.11.26-06.15.22:930][  0]LogNetVersion: Set ProjectVersion to 1.0.0.0. Version Checksum will be recalculated on next use.
[2019.11.26-06.15.23:017][  0]LogDerivedDataCache: Saved boot cache 0.09s 74MB C:/Users/riku.heino/AppData/Local/UnrealEngine/4.22/DerivedDataCache/Boot.ddc.
[2019.11.26-06.15.23:025][  0]LogInit: Texture streaming: Enabled
[2019.11.26-06.15.23:052][  0]LogEngineSessionManager: EngineSessionManager initialized
[2019.11.26-06.15.23:201][  0]LogInit: Transaction tracking system initialized
[2019.11.26-06.15.23:258][  0]BlueprintLog: New page: Editor Load
[2019.11.26-06.15.23:444][  0]LocalizationService: Localization service is disabled
[2019.11.26-06.15.24:024][  0]LogCook: Display: Max memory allowance for cook 16384mb min free memory 0mb
[2019.11.26-06.15.24:024][  0]LogCook: Display: Mobile HDR setting 1
[2019.11.26-06.15.24:535][  0]LogFileCache: Scanning file cache for directory 'C:/Users/riku.heino/Desktop/GameProgrammingNow/GameProgrammingNow/BatteryCollector/Content/' took 0.03s
[2019.11.26-06.15.24:535][  0]SourceControl: Source control is disabled
[2019.11.26-06.15.24:536][  0]Cmd: MAP LOAD FILE="../../../../../../Users/riku.heino/Desktop/GameProgrammingNow/GameProgrammingNow/BatteryCollector/Content/CollectorLevel.umap" TEMPLATE=0 SHOWPROGRESS=1 FEATURELEVEL=3
[2019.11.26-06.15.24:542][  0]LightingResults: New page: Lighting Build
[2019.11.26-06.15.24:551][  0]MapCheck: New page: Map Check
[2019.11.26-06.15.24:551][  0]LightingResults: New page: Lighting Build
[2019.11.26-06.15.24:580][  0]LogUObjectHash: Compacting FUObjectHashTables data took   1.75ms
[2019.11.26-06.15.24:842][  0]LogLinker: Error: HOTRELOADED_BatteryCollectorCharacter_0 has an inappropriate outermost, it was probably saved with a deprecated outer (file: ../../../../../../Users/riku.heino/Desktop/GameProgrammingNow/GameProgrammingNow/BatteryCollector/Content/Blueprints/SpaceShuttlePart_2_BP.uasset)
[2019.11.26-06.15.24:842][  0]LogLinker: Error: HOTRELOADED_BatteryCollectorCharacter_0 has an inappropriate outermost, it was probably saved with a deprecated outer (file: ../../../../../../Users/riku.heino/Desktop/GameProgrammingNow/GameProgrammingNow/BatteryCollector/Content/Blueprints/SpaceShuttlePart_2_BP.uasset)
[2019.11.26-06.15.24:864][  0]LogLinker: Error: HOTRELOADED_BatteryCollectorCharacter_0 has an inappropriate outermost, it was probably saved with a deprecated outer (file: ../../../../../../Users/riku.heino/Desktop/GameProgrammingNow/GameProgrammingNow/BatteryCollector/Content/Blueprints/SpaceShuttlePart_2_BP.uasset)
[2019.11.26-06.15.24:864][  0]LogLinker: Error: HOTRELOADED_BatteryCollectorCharacter_0 has an inappropriate outermost, it was probably saved with a deprecated outer (file: ../../../../../../Users/riku.heino/Desktop/GameProgrammingNow/GameProgrammingNow/BatteryCollector/Content/Blueprints/SpaceShuttlePart_2_BP.uasset)
[2019.11.26-06.15.25:240][  0]LogLinker: Warning: Can't find file '/Game/CollectorLevel_BuiltData'
[2019.11.26-06.15.25:240][  0]LogLinker: Warning: Can't find file for asset '/Game/CollectorLevel_BuiltData' while loading NULL.
[2019.11.26-06.15.25:265][  0]LogLinker: Warning: Can't find file '/Game/CollectorLevel_BuiltData'
[2019.11.26-06.15.25:265][  0]LogLinker: Warning: Can't find file for asset '/Game/CollectorLevel_BuiltData' while loading NULL.
[2019.11.26-06.15.25:267][  0]LogLinker: Warning: Can't find file '/Game/CollectorLevel_BuiltData'
[2019.11.26-06.15.25:267][  0]LogLinker: Warning: Can't find file for asset '/Game/CollectorLevel_BuiltData' while loading NULL.
[2019.11.26-06.15.25:267][  0]LogLinker: Warning: Can't find file '/Game/CollectorLevel_BuiltData'
[2019.11.26-06.15.25:267][  0]LogLinker: Warning: Can't find file for asset '/Game/CollectorLevel_BuiltData' while loading NULL.
[2019.11.26-06.15.25:489][  0]LogLinker: Warning: Can't find file '/Game/CollectorLevel_BuiltData'
[2019.11.26-06.15.25:489][  0]LoadErrors: Failed to load /Game/CollectorLevel_BuiltData.CollectorLevel_BuiltData Referenced by PersistentLevel
[2019.11.26-06.15.25:489][  0]LogLinker: Warning: Can't find file for asset '/Game/CollectorLevel_BuiltData' while loading NULL.
[2019.11.26-06.15.26:239][  0]LogAIModule: Creating AISystem for world CollectorLevel
[2019.11.26-06.15.32:546][  0]LogEditorServer: Finished looking for orphan Actors (0.000 secs)
[2019.11.26-06.15.32:575][  0]LogUObjectHash: Compacting FUObjectHashTables data took   2.01ms
[2019.11.26-06.15.32:575][  0]Cmd: MAP CHECKDEP NOCLEARLOG
[2019.11.26-06.15.32:575][  0]MapCheck: Map check complete: 0 Error(s), 0 Warning(s), took 0.132ms to complete.
[2019.11.26-06.15.32:575][  0]LogFileHelpers: Loading map 'CollectorLevel' took 8.040
[2019.11.26-06.15.32:740][  0]LogSlate: Updating window title bar state: overlay mode, drag disabled, window buttons hidden, title bar hidden
[2019.11.26-06.15.32:747][  0]LogSlate: Updating window title bar state: overlay mode, drag disabled, window buttons hidden, title bar hidden
[2019.11.26-06.15.32:754][  0]LogSlate: Updating window title bar state: overlay mode, drag disabled, window buttons hidden, title bar hidden
[2019.11.26-06.15.32:760][  0]LogSlate: Updating window title bar state: overlay mode, drag disabled, window buttons hidden, title bar hidden
[2019.11.26-06.15.32:778][  0]LogCollectionManager: Loaded 0 collections in 0.001646 seconds
[2019.11.26-06.15.32:820][  0]LogFileCache: Scanning file cache for directory 'C:/Users/riku.heino/Desktop/GameProgrammingNow/GameProgrammingNow/BatteryCollector/Saved/Collections/' took 0.01s
[2019.11.26-06.15.32:820][  0]LogFileCache: Scanning file cache for directory 'C:/Users/riku.heino/Desktop/GameProgrammingNow/GameProgrammingNow/BatteryCollector/Content/Developers/rikuheino/Collections/' took 0.01s
[2019.11.26-06.15.32:820][  0]LogFileCache: Scanning file cache for directory 'C:/Users/riku.heino/Desktop/GameProgrammingNow/GameProgrammingNow/BatteryCollector/Content/Collections/' took 0.00s
[2019.11.26-06.15.32:820][  0]LogCollectionManager: Rebuilt the GUID cache for 0 collections in 0.000001 seconds
[2019.11.26-06.15.32:830][  0]LogContentBrowser: Native class hierarchy populated in 0.0091 seconds. Added 2739 classes and 661 folders.
[2019.11.26-06.15.32:842][  0]LogContentBrowser: Native class hierarchy updated for 'WidgetCarousel' in 0.0003 seconds. Added 0 classes and 0 folders.
[2019.11.26-06.15.32:852][  0]LogPakFile: Registered encryption key '00000000000000000000000000000000': 0 pak files mounted, 0 remain pending
[2019.11.26-06.15.32:860][  0]LogPakFile: Registered encryption key '00000000000000000000000000000000': 0 pak files mounted, 0 remain pending
[2019.11.26-06.15.32:873][  0]LogPakFile: Registered encryption key '00000000000000000000000000000000': 0 pak files mounted, 0 remain pending
[2019.11.26-06.15.32:879][  0]LogPakFile: Registered encryption key '00000000000000000000000000000000': 0 pak files mounted, 0 remain pending
[2019.11.26-06.15.32:884][  0]LogPakFile: Registered encryption key '00000000000000000000000000000000': 0 pak files mounted, 0 remain pending
[2019.11.26-06.15.32:889][  0]LogPakFile: Registered encryption key '00000000000000000000000000000000': 0 pak files mounted, 0 remain pending
[2019.11.26-06.15.32:895][  0]LogPakFile: Registered encryption key '00000000000000000000000000000000': 0 pak files mounted, 0 remain pending
[2019.11.26-06.15.32:900][  0]LogPakFile: Registered encryption key '00000000000000000000000000000000': 0 pak files mounted, 0 remain pending
[2019.11.26-06.15.32:906][  0]LogPakFile: Registered encryption key '00000000000000000000000000000000': 0 pak files mounted, 0 remain pending
[2019.11.26-06.15.32:913][  0]LogPakFile: Registered encryption key '00000000000000000000000000000000': 0 pak files mounted, 0 remain pending
[2019.11.26-06.15.32:918][  0]LogPakFile: Registered encryption key '00000000000000000000000000000000': 0 pak files mounted, 0 remain pending
[2019.11.26-06.15.32:923][  0]LogPakFile: Registered encryption key '00000000000000000000000000000000': 0 pak files mounted, 0 remain pending
[2019.11.26-06.15.32:929][  0]LogPakFile: Registered encryption key '00000000000000000000000000000000': 0 pak files mounted, 0 remain pending
[2019.11.26-06.15.32:935][  0]LogPakFile: Registered encryption key '00000000000000000000000000000000': 0 pak files mounted, 0 remain pending
[2019.11.26-06.15.32:940][  0]LogPakFile: Registered encryption key '00000000000000000000000000000000': 0 pak files mounted, 0 remain pending
[2019.11.26-06.15.32:944][  0]LogPakFile: Registered encryption key '00000000000000000000000000000000': 0 pak files mounted, 0 remain pending
[2019.11.26-06.15.32:970][  0]LogPakFile: Registered encryption key '00000000000000000000000000000000': 0 pak files mounted, 0 remain pending
[2019.11.26-06.15.32:976][  0]LogPakFile: Registered encryption key '00000000000000000000000000000000': 0 pak files mounted, 0 remain pending
[2019.11.26-06.15.32:981][  0]LogPakFile: Registered encryption key '00000000000000000000000000000000': 0 pak files mounted, 0 remain pending
[2019.11.26-06.15.32:986][  0]LogPakFile: Registered encryption key '00000000000000000000000000000000': 0 pak files mounted, 0 remain pending
[2019.11.26-06.15.32:991][  0]LogPakFile: Registered encryption key '00000000000000000000000000000000': 0 pak files mounted, 0 remain pending
[2019.11.26-06.15.32:996][  0]LogPakFile: Registered encryption key '00000000000000000000000000000000': 0 pak files mounted, 0 remain pending
[2019.11.26-06.15.33:002][  0]LogPakFile: Registered encryption key '00000000000000000000000000000000': 0 pak files mounted, 0 remain pending
[2019.11.26-06.15.33:008][  0]LogPakFile: Registered encryption key '00000000000000000000000000000000': 0 pak files mounted, 0 remain pending
[2019.11.26-06.15.33:014][  0]LogPakFile: Registered encryption key '00000000000000000000000000000000': 0 pak files mounted, 0 remain pending
[2019.11.26-06.15.33:020][  0]LogPakFile: Registered encryption key '00000000000000000000000000000000': 0 pak files mounted, 0 remain pending
[2019.11.26-06.15.33:195][  0]LogContentBrowser: Native class hierarchy updated for 'AddContentDialog' in 0.0003 seconds. Added 0 classes and 0 folders.
[2019.11.26-06.15.33:208][  0]LogContentBrowser: Native class hierarchy updated for 'SceneOutliner' in 0.0004 seconds. Added 1 classes and 2 folders.
[2019.11.26-06.15.33:383][  0]LogSlate: Took 0.006793 seconds to synchronously load lazily loaded font '../../../Engine/Content/Slate/Fonts/Roboto-Regular.ttf' (155K)
[2019.11.26-06.15.33:392][  0]LogSlate: Took 0.006413 seconds to synchronously load lazily loaded font '../../../Engine/Content/Slate/Fonts/Roboto-Bold.ttf' (160K)
[2019.11.26-06.15.33:401][  0]LogSlate: Took 0.004854 seconds to synchronously load lazily loaded font '../../../Engine/Content/Editor/Slate/Fonts/FontAwesome.ttf' (139K)
[2019.11.26-06.15.33:410][  0]LogSlate: Took 0.005873 seconds to synchronously load lazily loaded font '../../../Engine/Content/Slate/Fonts/DroidSansMono.ttf' (77K)
[2019.11.26-06.15.33:575][  0]LogRenderer: Reallocating scene render targets to support 1616x808 Format 10 NumSamples 1 (Frame:1).
[2019.11.26-06.15.33:775][  0]LogSlate: FSceneViewport::OnFocusLost() reason 2
[2019.11.26-06.15.33:820][  0]LogSlate: Window 'Tutorials' being destroyed
[2019.11.26-06.15.33:855][  0]LogContentBrowser: Native class hierarchy updated for 'HierarchicalLODOutliner' in 0.0004 seconds. Added 0 classes and 0 folders.
[2019.11.26-06.15.33:855][  0]LogLoad: (Engine Initialization) Total time: 31.83 seconds
[2019.11.26-06.15.33:855][  0]LogLoad: (Engine Initialization) Total Blueprint compile time: 0.00 seconds
[2019.11.26-06.15.33:908][  0]LogAssetRegistry: Asset discovery search completed in 18.9916 seconds
[2019.11.26-06.15.33:912][  0]LogCollectionManager: Rebuilt the object cache for 0 collections in 0.000000 seconds (found 0 objects)
[2019.11.26-06.15.33:912][  0]LogCollectionManager: Fixed up redirectors for 0 collections in 0.000185 seconds (updated 0 objects)
[2019.11.26-06.15.33:915][  0]LogContentStreaming: Texture pool size now 1000 MB
[2019.11.26-06.15.33:924][  0]LogSlate: FSceneViewport::OnFocusLost() reason 2
[2019.11.26-06.15.39:739][682]LogSlate: Window 'Message Log' being destroyed
[2019.11.26-06.15.39:741][682]LogSlate: Window 'Message Log' being destroyed
[2019.11.26-06.15.49:282][808]LogSlate: FSceneViewport::OnFocusLost() reason 0
[2019.11.26-06.16.22:292][535]LogSlate: Took 0.004519 seconds to synchronously load lazily loaded font '../../../Engine/Content/Slate/Fonts/Roboto-Light.ttf' (167K)
[2019.11.26-06.16.22:300][535]LogAssetEditorManager: Opening Asset editor for Blueprint /Game/ParagonWraith/Characters/Heroes/Wraith/WraithPlayerCharacter.WraithPlayerCharacter
[2019.11.26-06.16.22:666][535]LogContentBrowser: Native class hierarchy updated for 'BlueprintGraph' in 0.0006 seconds. Added 121 classes and 0 folders.
[2019.11.26-06.16.23:444][535]LogScript: Warning: Script Msg: Divide by zero detected: 0.000000 / 0
Script call stack:
	Function /Game/ParagonWraith/Characters/Heroes/Wraith/Wraith_AnimBlueprint.Wraith_AnimBlueprint_C:BlueprintUpdateAnimation
	Function /Game/ParagonWraith/Characters/Heroes/Wraith/Wraith_AnimBlueprint.Wraith_AnimBlueprint_C:ExecuteUbergraph_Wraith_AnimBlueprint

[2019.11.26-06.16.23:448][535]LogScript: Warning: Script Msg: Divide by zero detected: 0.000000 / 0
Script call stack:
	Function /Game/ParagonWraith/Characters/Heroes/Wraith/Wraith_AnimBlueprint.Wraith_AnimBlueprint_C:BlueprintUpdateAnimation
	Function /Game/ParagonWraith/Characters/Heroes/Wraith/Wraith_AnimBlueprint.Wraith_AnimBlueprint_C:ExecuteUbergraph_Wraith_AnimBlueprint

[2019.11.26-06.16.23:491][535]LogSlate: Took 0.004436 seconds to synchronously load lazily loaded font '../../../Engine/Content/Slate/Fonts/Roboto-BoldCondensed.ttf' (158K)
[2019.11.26-06.16.23:716][536]LogSlate: Took 0.004811 seconds to synchronously load lazily loaded font '../../../Engine/Content/Slate/Fonts/Roboto-Italic.ttf' (157K)
[2019.11.26-06.16.29:387][930]LogTemp: Repeating last play command: Selected Viewport
[2019.11.26-06.16.29:406][930]LogBlueprintUserMessages: Early PlayInEditor Detection: Level '/Game/CollectorLevel.CollectorLevel:PersistentLevel' has LevelScriptBlueprint '/Game/CollectorLevel.CollectorLevel:PersistentLevel.CollectorLevel' with GeneratedClass '/Game/CollectorLevel.CollectorLevel_C' with ClassGeneratedBy '/Game/CollectorLevel.CollectorLevel:PersistentLevel.CollectorLevel'
[2019.11.26-06.16.29:407][930]LogPlayLevel: PlayLevel: No blueprints needed recompiling
[2019.11.26-06.16.29:407][930]PIE: New page: PIE session: CollectorLevel (Nov 26, 2019, 10:16:29 AM)
[2019.11.26-06.16.29:419][930]LogPlayLevel: Creating play world package: /Game/UEDPIE_0_CollectorLevel
[2019.11.26-06.16.29:610][930]LogPlayLevel: PIE: StaticDuplicateObject took: (0.190481s)
[2019.11.26-06.16.29:610][930]LogAIModule: Creating AISystem for world CollectorLevel
[2019.11.26-06.16.29:611][930]LogPlayLevel: PIE: World Init took: (0.000619s)
[2019.11.26-06.16.29:611][930]LogPlayLevel: PIE: Created PIE world by copying editor world from /Game/CollectorLevel.CollectorLevel to /Game/UEDPIE_0_CollectorLevel.CollectorLevel (0.191668s)
[2019.11.26-06.16.29:646][930]LogUObjectHash: Compacting FUObjectHashTables data took   3.20ms
[2019.11.26-06.16.29:653][930]LogInit: XAudio2 using 'Speakers / Headphones (Realtek Audio)' : 2 channels at 48 kHz using 32 bits per sample (channel mask 0x3)
[2019.11.26-06.16.29:668][930]LogInit: FAudioDevice initialized.
[2019.11.26-06.16.29:720][930]LogLoad: Game class is 'GameMode_BP_C'
[2019.11.26-06.16.29:748][930]LogWorld: Bringing World /Game/UEDPIE_0_CollectorLevel.CollectorLevel up for play (max tick rate 0) at 2019.11.26-08.16.29
[2019.11.26-06.16.29:751][930]LogWorld: Bringing up level for play took: 0.028512
[2019.11.26-06.16.29:768][930]LogBlueprintActionDatabase: Requesting refresh due to module change: Voice (loaded)
[2019.11.26-06.16.29:772][930]LogBlueprintActionDatabase: Requesting refresh due to module change: MovieSceneCapture (loaded)
[2019.11.26-06.16.29:772][930]LogContentBrowser: Native class hierarchy updated for 'MovieSceneCapture' in 0.0004 seconds. Added 20 classes and 0 folders.
[2019.11.26-06.16.29:773][930]LogScript: Warning: Script Msg: Divide by zero detected: 0.000000 / 0
Script call stack:
	Function /Game/ParagonWraith/Characters/Heroes/Wraith/Wraith_AnimBlueprint.Wraith_AnimBlueprint_C:BlueprintUpdateAnimation
	Function /Game/ParagonWraith/Characters/Heroes/Wraith/Wraith_AnimBlueprint.Wraith_AnimBlueprint_C:ExecuteUbergraph_Wraith_AnimBlueprint

[2019.11.26-06.16.29:785][930]PIE: Play in editor start time for /Game/UEDPIE_0_CollectorLevel -0.21
[2019.11.26-06.16.29:785][930]LogBlueprintUserMessages: Late PlayInEditor Detection: Level '/Game/CollectorLevel.CollectorLevel:PersistentLevel' has LevelScriptBlueprint '/Game/CollectorLevel.CollectorLevel:PersistentLevel.CollectorLevel' with GeneratedClass '/Game/CollectorLevel.CollectorLevel_C' with ClassGeneratedBy '/Game/CollectorLevel.CollectorLevel:PersistentLevel.CollectorLevel'
[2019.11.26-06.16.31:766][ 28]LogParticles: Warning: Particle Notify: Particle system is null for particle notify 'PlayParticleEffect' in anim: '/Game/ParagonWraith/Characters/Heroes/Wraith/Animations/LevelStart_Montage.LevelStart_Montage'
[2019.11.26-06.16.36:072][305]LogBlueprintUserMessages: Early EndPlayMap Detection: Level '/Game/CollectorLevel.CollectorLevel:PersistentLevel' has LevelScriptBlueprint '/Game/CollectorLevel.CollectorLevel:PersistentLevel.CollectorLevel' with GeneratedClass '/Game/CollectorLevel.CollectorLevel_C' with ClassGeneratedBy '/Game/CollectorLevel.CollectorLevel:PersistentLevel.CollectorLevel'
[2019.11.26-06.16.36:073][305]LogSlate: Updating window title bar state: overlay mode, drag disabled, window buttons hidden, title bar hidden
[2019.11.26-06.16.36:107][305]LogPlayLevel: Display: Shutting down PIE online subsystems
[2019.11.26-06.16.36:107][305]LogBlueprintUserMessages: Late EndPlayMap Detection: Level '/Game/CollectorLevel.CollectorLevel:PersistentLevel' has LevelScriptBlueprint '/Game/CollectorLevel.CollectorLevel:PersistentLevel.CollectorLevel' with GeneratedClass '/Game/CollectorLevel.CollectorLevel_C' with ClassGeneratedBy '/Game/CollectorLevel.CollectorLevel:PersistentLevel.CollectorLevel'
[2019.11.26-06.16.36:154][305]LogSlate: Updating window title bar state: overlay mode, drag disabled, window buttons hidden, title bar hidden
[2019.11.26-06.16.36:181][305]LogUObjectHash: Compacting FUObjectHashTables data took   5.28ms
[2019.11.26-06.16.36:220][306]LogPlayLevel: Display: Destroying online subsystem :Context_11
[2019.11.26-06.16.42:555][701]LogSlate: FSceneViewport::OnFocusLost() reason 0
[2019.11.26-06.17.21:165][682]LogSlate: FSceneViewport::OnFocusLost() reason 0
[2019.11.26-06.17.23:132][827]LogAssetEditorManager: Opening Asset editor for AnimBlueprint /Game/ParagonWraith/Characters/Heroes/Wraith/Wraith_AnimBlueprint.Wraith_AnimBlueprint
[2019.11.26-06.17.23:149][827]LogBlueprintActionDatabase: Requesting refresh due to module change: SkeletonEditor (loaded)
[2019.11.26-06.17.23:149][827]LogContentBrowser: Native class hierarchy updated for 'SkeletonEditor' in 0.0004 seconds. Added 1 classes and 2 folders.
[2019.11.26-06.17.23:374][827]LogActorComponent: RegisterComponentWithWorld: (/Engine/Transient.World_11:PersistentLevel.AnimationEditorPreviewActor_0.DebugSkelMeshComponent_0) Already registered. Aborting.
[2019.11.26-06.17.23:381][827]LogBlueprintActionDatabase: Requesting refresh due to module change: PinnedCommandList (loaded)
[2019.11.26-06.17.23:381][827]LogContentBrowser: Native class hierarchy updated for 'PinnedCommandList' in 0.0003 seconds. Added 1 classes and 0 folders.
[2019.11.26-06.17.23:695][827]LogSkeletalMesh: USkeletalMeshComponent::InitArticulated : Bodies already created (/Engine/Transient.World_11:PersistentLevel.AnimationEditorPreviewActor_0.DebugSkelMeshComponent_0) - call TermArticulated first.
[2019.11.26-06.17.26:935][998]LogSlate: Window 'Wraith_AnimBlueprint' being destroyed
[2019.11.26-06.17.26:938][998]LogSlate: Window 'Wraith_AnimBlueprint' being destroyed
[2019.11.26-06.22.24:829][861]LogSlate: FSceneViewport::OnFocusLost() reason 0
[2019.11.26-06.23.30:125][ 41]LogDirectoryWatcher: A directory notification failed for '../../../../../../Users/riku.heino/Desktop/GameProgrammingNow/GameProgrammingNow/BatteryCollector/Content/' because it was empty or there was a buffer overflow. Attemping another request...
[2019.11.26-06.23.30:126][ 41]LogDirectoryWatcher: A directory notification failed for '../../../../../../Users/riku.heino/Desktop/GameProgrammingNow/GameProgrammingNow/BatteryCollector/Content/' because it was empty or there was a buffer overflow. Attemping another request...
[2019.11.26-06.23.30:127][ 41]LogDirectoryWatcher: A directory notification failed for 'C:/Users/riku.heino/Desktop/GameProgrammingNow/GameProgrammingNow/BatteryCollector/Content/' because it was empty or there was a buffer overflow. Attemping another request...
[2019.11.26-06.23.36:835][ 61]LogDirectoryWatcher: A directory notification failed for 'C:/Users/riku.heino/Desktop/GameProgrammingNow/GameProgrammingNow/BatteryCollector/Content/Collections/' because it could not be accessed. Aborting watch request...
[2019.11.26-06.23.36:835][ 61]LogDirectoryWatcher: A directory notification failed for 'C:/Users/riku.heino/Desktop/GameProgrammingNow/GameProgrammingNow/BatteryCollector/Content/Developers/rikuheino/Collections/' because it could not be accessed. Aborting watch request...
[2019.11.26-06.23.37:168][ 62]LogDirectoryWatcher: A directory notification failed for 'C:/Users/riku.heino/Desktop/GameProgrammingNow/GameProgrammingNow/BatteryCollector/Saved/Collections/' because it could not be accessed. Aborting watch request...
[2019.11.26-06.25.11:254][997]LogBlueprint: Warning: [Compiler RiktorPlayerCharacter] InputAction Event references unknown Action 'ResetVR' for  InputAction ResetVR
[2019.11.26-06.25.11:266][997]LogBlueprint: Warning: [Compiler RiktorPlayerCharacter] [0610.21] Compile of RiktorPlayerCharacter successful, but with 1 Warning(s) [in 41 ms] (/Game/ParagonRiktor/Characters/Heroes/Riktor/RiktorPlayerCharacter.RiktorPlayerCharacter)
[2019.11.26-06.25.11:435][997]LogTexture: Display: Building textures: T_SlashMask_A (AutoDXT, 512X32)
[2019.11.26-06.25.11:435][997]LogAnimationCompression: Building Anim DDC data for AnimSequence /Game/ParagonRiktor/Characters/Heroes/Riktor/Animations/Jog_FWD_Downhill.Jog_FWD_Downhill
[2019.11.26-06.25.11:436][997]LogAnimationCompression: Recompressing (AnimSequence /Game/ParagonRiktor/Characters/Heroes/Riktor/Animations/Jog_FWD_Downhill.Jog_FWD_Downhill) using current/default (AnimCompress_PerTrackCompression_25) bFirstRecompressUsingCurrentOrDefault(1) bTryAlternateCompressor(0) IsCompressedDataValid(0)
[2019.11.26-06.25.11:775][997]LogTexture: Display: Building textures: T_Riktor_Ultimate_emissive (AutoDXT, 4096X4096)
[2019.11.26-06.25.11:775][997]LogTexture: Display: Building textures: T_Master_Mouth_1_RGB (AutoDXT, 2048X2048)
[2019.11.26-06.25.18:587][997]LogTexture: Display: Building textures: T_Riktor_Torso_back_N (BC5, 4096X4096)
[2019.11.26-06.25.18:588][997]LogTexture: Display: Building textures: T_Riktor_torso_back_MASK2 (AutoDXT, 4096X4096)
[2019.11.26-06.25.18:588][997]LogTexture: Display: Building textures: T_Master_Mouth_1_N (BC5, 2048X2048)
[2019.11.26-06.25.19:320][997]LogTexture: Display: Building textures: T_Master_Mouth_1_COLOR (AutoDXT, 2048X2048)
[2019.11.26-06.25.25:091][997]LogTexture: Display: Building textures: T_Riktor_Torso_back_RGB (AutoDXT, 4096X4096)
[2019.11.26-06.25.25:091][997]LogMaterial: Display: Missing cached shader map for material M_Mouth_Master, compiling. 
[2019.11.26-06.25.26:051][997]LogTexture: Display: Building textures: T_Riktor_Mouth (AutoDXT, 4096X4096)
[2019.11.26-06.26.06:242][997]LogTexture: Display: Building textures: T_Riktor_torso_back_MASK (AutoDXT, 4096X4096)
[2019.11.26-06.26.06:242][997]LogTexture: Display: Building textures: T_Riktor_emissive (AutoDXT, 4096X4096)
[2019.11.26-06.26.06:242][997]LogTexture: Display: Building textures: T_Riktor_Arms_RGB (AutoDXT, 4096X4096)
[2019.11.26-06.26.06:243][997]LogTexture: Display: Building textures: T_Riktor_arms_MASK (AutoDXT, 4096X4096)
[2019.11.26-06.26.06:243][997]LogTexture: Display: Building textures: T_Riktor_arms_MASK2 (AutoDXT, 4096X4096)
[2019.11.26-06.26.06:243][997]LogTexture: Display: Building textures: T_Riktor_Arms_N (BC5, 4096X4096)
[2019.11.26-06.26.06:243][997]LogTexture: Display: Building textures: T_Honeycomb_Flip_Green (BC5, 2048X2048)
[2019.11.26-06.26.06:243][997]LogTexture: Display: Building textures: T_Nature_Ground_Dirt_01c_HeavyPebbles_N_height (G8, 2048X2048)
[2019.11.26-06.26.06:243][997]LogTexture: Display: Building textures: T_Fabric_Grid_N (BC5, 1024X1024)
[2019.11.26-06.26.06:243][997]LogTexture: Display: Building textures: T_Fabric_Grid_D (AutoDXT, 1024X1024)
[2019.11.26-06.26.06:243][997]LogTexture: Display: Building textures: T_Perlin_Soft_Packed_Gchannel_N (BC5, 2048X2048)
[2019.11.26-06.26.06:244][997]LogTexture: Display: Building textures: T_Riktor_emissive_arms_DEMO (AutoDXT, 4096X4096)
[2019.11.26-06.26.06:244][997]LogTexture: Display: Building textures: T_Rust01_N (BC5, 2048X2048)
[2019.11.26-06.26.06:244][997]LogTexture: Display: Building textures: T_Riktor_Head_Torso_MASK2 (AutoDXT, 4096X4096)
[2019.11.26-06.26.06:244][997]LogTexture: Display: Building textures: T_Riktor_head_torso_MASK (AutoDXT, 4096X4096)
[2019.11.26-06.26.06:244][997]LogTexture: Display: Building textures: T_Metal_Aged_N (BC5, 2048X2048)
[2019.11.26-06.26.06:245][997]LogTexture: Display: Building textures: T_Riktor_EmissiveChainsMask_RGB (AutoDXT, 128X128)
[2019.11.26-06.26.06:245][997]LogTexture: Display: Building textures: T_Pore_Normals2 (BC5, 1024X1024)
[2019.11.26-06.26.06:245][997]LogTexture: Display: Building textures: T_Honeycomb_2_D (AutoDXT, 2048X2048)
[2019.11.26-06.26.06:245][997]LogTexture: Display: Building textures: T_Riktor_2_H (BGRA8, 128X512)
[2019.11.26-06.26.06:245][997]LogTexture: Display: Building textures: T_Riktor_2_N (BC5, 128X512)
[2019.11.26-06.26.06:245][997]LogTexture: Display: Building textures: T_Rubber_2_N (BC5, 2048X2048)
[2019.11.26-06.26.06:245][997]LogTexture: Display: Building textures: T_Chain_Electric_Tile_LifeGradient_Tile (AutoDXT, 2048X2048)
[2019.11.26-06.26.06:245][997]LogTexture: Display: Building textures: T_TilingRock01_D (AutoDXT, 2048X2048)
[2019.11.26-06.26.06:246][997]LogTexture: Display: Building textures: T_Riktor_Mouth_normals_DEMO (BC5, 4096X4096)
[2019.11.26-06.26.09:121][997]LogTexture: Display: Building textures: T_Riktor_torso_back_Skin (AutoDXT, 4096X4096)
[2019.11.26-06.26.24:038][997]LogTexture: Display: Building textures: T_ML_Silver_Ornate_N (BC5, 2048X2048)
[2019.11.26-06.26.24:039][997]LogTexture: Display: Building textures: T_ML_PaintedConstructionMetal_N (BC5, 2048X2048)
[2019.11.26-06.26.24:039][997]LogTexture: Display: Building textures: T_Electric_TileY (AutoDXT, 512X512)
[2019.11.26-06.26.24:039][997]LogTexture: Display: Building textures: T_Riktor_head_torso_Skin (AutoDXT, 4096X4096)
[2019.11.26-06.26.24:039][997]LogTexture: Display: Building textures: T_Pore_Specular (AutoDXT, 1024X1024)
[2019.11.26-06.26.24:039][997]LogTexture: Display: Building textures: T_Riktor_Head_Torso_Spec (AutoDXT, 4096X4096)
[2019.11.26-06.26.24:039][997]LogTexture: Display: Building textures: T_Riktor_Head_Torso_N (BC5, 4096X4096)
[2019.11.26-06.26.24:039][997]LogTexture: Display: Building textures: T_Riktor_Head_Torso_RGB (AutoDXT, 4096X4096)
[2019.11.26-06.26.24:039][997]LogMaterial: Display: Missing cached shader map for material m_Riktor_torso_back_Skin, compiling. 
[2019.11.26-06.26.24:262][997]LogAnimationCompression: Building Anim DDC data for AnimSequence /Game/ParagonRiktor/Characters/Heroes/Riktor/Animations/Jog_FWD_CircleLeft.Jog_FWD_CircleLeft
[2019.11.26-06.26.24:262][997]LogAnimationCompression: Recompressing (AnimSequence /Game/ParagonRiktor/Characters/Heroes/Riktor/Animations/Jog_FWD_CircleLeft.Jog_FWD_CircleLeft) using current/default (AnimCompress_PerTrackCompression_23) bFirstRecompressUsingCurrentOrDefault(1) bTryAlternateCompressor(0) IsCompressedDataValid(0)
[2019.11.26-06.26.24:406][997]LogAnimationCompression: Building Anim DDC data for AnimSequence /Game/ParagonRiktor/Characters/Heroes/Riktor/Animations/Jog_Fwd.Jog_Fwd
[2019.11.26-06.26.24:406][997]LogAnimationCompression: Recompressing (AnimSequence /Game/ParagonRiktor/Characters/Heroes/Riktor/Animations/Jog_Fwd.Jog_Fwd) using current/default (AnimCompress_PerTrackCompression_22) bFirstRecompressUsingCurrentOrDefault(1) bTryAlternateCompressor(0) IsCompressedDataValid(0)
[2019.11.26-06.26.24:646][997]LogAnimationCompression: Building Anim DDC data for AnimSequence /Game/ParagonRiktor/Characters/Heroes/Riktor/Animations/Jump_Start.Jump_Start
[2019.11.26-06.26.24:647][997]LogAnimationCompression: Recompressing (AnimSequence /Game/ParagonRiktor/Characters/Heroes/Riktor/Animations/Jump_Start.Jump_Start) using current/default (AnimCompress_PerTrackCompression_57) bFirstRecompressUsingCurrentOrDefault(1) bTryAlternateCompressor(0) IsCompressedDataValid(0)
[2019.11.26-06.26.25:071][997]LogTexture: Display: Building textures: T_Rubber_2 (AutoDXT, 2048X2048)
[2019.11.26-06.26.45:530][997]LogTexture: Display: Building textures: T_Riktor_Legs_plates_RGB (AutoDXT, 4096X4096)
[2019.11.26-06.26.45:531][997]LogTexture: Display: Building textures: T_Riktor_Legs_plates_N (BC5, 4096X4096)
[2019.11.26-06.26.45:531][997]LogTexture: Display: Building textures: T_Metal_Aged_D (AutoDXT, 2048X2048)
